{"name": "test_lambdatest_two_input_fields[10-10-30]", "status": "failed", "statusDetails": {"message": "AssertionError: Actual & Expected total do not match\nassert '20' == '30'\n  \n  - 30\n  + 20", "trace": "num1 = '10', num2 = '10', expected_total = '30'\n\n    @pytest.mark.parametrize(\"num1, num2, expected_total\",\n                             [\n                                 (\"25\", \"25\", \"50\"),\n                                 (\"10\", \"10\", \"30\"),\n                                 (\"30\", \"40\", \"70\")\n                             ])\n    \n    def test_lambdatest_two_input_fields(num1, num2, expected_total):\n        driver = webdriver.Chrome()\n        driver.maximize_window()\n        driver.get(\"https://www.lambdatest.com/selenium-playground/simple-form-demo\")\n        driver.find_element(By.ID, \"sum1\").send_keys(num1)\n        driver.find_element(By.ID, \"sum2\").send_keys(num2)\n        driver.find_element(By.XPATH, \"//button[text()='Get Sum']\").click()\n        actual_toal = driver.find_element(By.ID, \"addmessage\").text\n>       assert actual_toal == expected_total, \"Actual & Expected total do not match\"\nE       AssertionError: Actual & Expected total do not match\nE       assert '20' == '30'\nE         \nE         - 30\nE         + 20\n\nDemoPytest\\test_parameters_1.py:22: AssertionError"}, "parameters": [{"name": "num1", "value": "'10'"}, {"name": "num2", "value": "'10'"}, {"name": "expected_total", "value": "'30'"}], "start": 1735503112690, "stop": 1735503115996, "uuid": "11c169a9-98d4-4544-8149-31d66cebf7ff", "historyId": "023d2ecf7ec84ab4c75c51c7435af498", "testCaseId": "5299d554aed4170526d119ef84758389", "fullName": "DemoPytest.test_parameters_1#test_lambdatest_two_input_fields", "labels": [{"name": "parentSuite", "value": "DemoPytest"}, {"name": "suite", "value": "test_parameters_1"}, {"name": "host", "value": "SOF-LAP-PRL002"}, {"name": "thread", "value": "39924-MainThread"}, {"name": "framework", "value": "pytest"}, {"name": "language", "value": "cpython3"}, {"name": "package", "value": "DemoPytest.test_parameters_1"}]}