{"name": "test_lambdatest_radio_button_demo_value", "status": "failed", "statusDetails": {"message": "AssertionError: Gender is not correct\nassert 'Male' is 'Male'", "trace": "def test_lambdatest_radio_button_demo_value():\n        driver = webdriver.Chrome()\n        driver.maximize_window()\n        driver.get(\"https://www.lambdatest.com/selenium-playground/radiobutton-demo\")\n        driver.find_element(By.XPATH, \"//h4[contains(text(),'Gender')]//following::input[@value='Male']\").click()\n        driver.find_element(By.XPATH, \"//h4[contains(text(),'Age')]//following::input[@value='15 - 50']\").click()\n        driver.find_element(By.XPATH, \"//button[text()='Get values']\").click()\n        gender = driver.find_element(By.CSS_SELECTOR,\".genderbutton\").text\n        age_group = driver.find_element(By.CSS_SELECTOR,\".groupradiobutton\").text\n        print(\"Gender Object: \\t\", id(gender))\n        print(\"Male Object: \\t\", id(\"Male\"))\n>       assert gender is \"Male\", \"Gender is not correct\"\nE       AssertionError: Gender is not correct\nE       assert 'Male' is 'Male'\n\nDemoPytest\\test_assertions_hard.py:18: AssertionError"}, "attachments": [{"name": "stdout", "source": "72c53a31-93cc-4fdb-83ad-5233087b89bd-attachment.txt", "type": "text/plain"}], "start": 1735503062426, "stop": 1735503066365, "uuid": "9dab1371-433d-43bf-8f6b-21094d6cced8", "historyId": "87c10f5a6dac6924b4ed02d7bbf209b5", "testCaseId": "87c10f5a6dac6924b4ed02d7bbf209b5", "fullName": "DemoPytest.test_assertions_hard#test_lambdatest_radio_button_demo_value", "labels": [{"name": "parentSuite", "value": "DemoPytest"}, {"name": "suite", "value": "test_assertions_hard"}, {"name": "host", "value": "SOF-LAP-PRL002"}, {"name": "thread", "value": "39924-MainThread"}, {"name": "framework", "value": "pytest"}, {"name": "language", "value": "cpython3"}, {"name": "package", "value": "DemoPytest.test_assertions_hard"}]}